<?xml version="1.0" encoding="UTF-8"?>
<!-- Generated by org.testng.reporters.JUnitXMLReporter -->
<testsuite ignored="0" hostname="sony-PC" failures="0" tests="9" name="Free CRM App Test Cases" time="62.898" errors="0" timestamp="29 May 2019 18:03:11 GMT">
  <testcase classname="com.crm.qa.testcases.LoginPageTest" name="verifyLoginPageTitleTest" time="0.033"/>
  <testcase classname="com.crm.qa.testcases.HomePageTest" name="validateHomePageTitle" time="0.012"/>
  <testcase classname="com.crm.qa.testcases.LoginPageTest" name="AdctinLogoImageTest" time="0.071"/>
  <testcase classname="com.crm.qa.testcases.HomePageTest" name="verifyUserName" time="0.096"/>
  <testcase classname="com.crm.qa.testcases.LoginPageTest" name="loginTest" time="0.875"/>
  <testcase classname="com.crm.qa.testcases.HomePageTest" name="bookedPageClickTest" time="0.352"/>
  <testcase classname="com.crm.qa.testcases.HomePageTest" name="verifyBookingHotelTest" time="2.735"/>
  <testcase classname="com.crm.qa.testcases.HomePageTest" name="verifyBookingHotelTest" time="1.929"/>
  <testcase classname="com.crm.qa.testcases.HomePageTest" name="verifyBookingHotelTest" time="2.354"/>
</testsuite> <!-- Free CRM App Test Cases -->
