<?xml version="1.0" encoding="UTF-8"?>
<testng-results ignored="0" total="1" passed="1" failed="0" skipped="0">
  <reporter-output>
  </reporter-output>
  <suite started-at="2019-08-11T10:08:56Z" name="Default suite" finished-at="2019-08-11T10:09:07Z" duration-ms="10884">
    <groups>
    </groups>
    <test started-at="2019-08-11T10:08:56Z" name="Default test" finished-at="2019-08-11T10:09:07Z" duration-ms="10884">
      <class name="com.crm.qa.testcases.BookedPageTest">
        <test-method is-config="true" signature="setUp()[pri:0, instance:com.crm.qa.testcases.BookedPageTest@6a03bcb1]" started-at="2019-08-11T10:08:56Z" name="setUp" finished-at="2019-08-11T10:09:06Z" duration-ms="10085" status="PASS">
          <reporter-output>
          </reporter-output>
        </test-method> <!-- setUp -->
        <test-method signature="verifyBookedItineraryLabelTest()[pri:1, instance:com.crm.qa.testcases.BookedPageTest@6a03bcb1]" started-at="2019-08-11T10:09:06Z" name="verifyBookedItineraryLabelTest" finished-at="2019-08-11T10:09:06Z" duration-ms="170" status="PASS">
          <reporter-output>
          </reporter-output>
        </test-method> <!-- verifyBookedItineraryLabelTest -->
        <test-method is-config="true" signature="tearDown()[pri:0, instance:com.crm.qa.testcases.BookedPageTest@6a03bcb1]" started-at="2019-08-11T10:09:06Z" name="tearDown" finished-at="2019-08-11T10:09:07Z" duration-ms="596" status="PASS">
          <reporter-output>
          </reporter-output>
        </test-method> <!-- tearDown -->
      </class> <!-- com.crm.qa.testcases.BookedPageTest -->
    </test> <!-- Default test -->
  </suite> <!-- Default suite -->
</testng-results>
